<?xml version="1.0" encoding="UTF-8"?>
<!-- Generated by org.testng.reporters.JUnitReportReporter -->
<testsuite hostname="DESKTOP-4FJ4BMF" failures="0" tests="1" name="Parameters.QueryParameters" time="4.959" errors="0" timestamp="2021-12-12T23:02:24 IST" skipped="0">
  <testcase classname="Parameters.QueryParameters" name="queryAndPath" time="4.959"/>
  <system-out/>
</testsuite> <!-- Parameters.QueryParameters -->
