<?xml version="1.0" encoding="UTF-8"?>
<!-- Generated by org.testng.reporters.JUnitReportReporter -->
<testsuite hostname="DESKTOP-4FJ4BMF" failures="0" tests="1" name="postRequest_ways_Test.PostWithHashmap" time="4.800" errors="0" timestamp="2021-12-12T23:05:22 IST" skipped="0">
  <testcase classname="postRequest_ways_Test.PostWithHashmap" name="create" time="4.800"/>
  <system-out/>
</testsuite> <!-- postRequest_ways_Test.PostWithHashmap -->
