<?xml version="1.0" encoding="UTF-8"?>
<!-- Generated by org.testng.reporters.JUnitReportReporter -->
<testsuite hostname="DESKTOP-4FJ4BMF" failures="0" tests="1" name="CRUD_with_BDD.addResourceTest" time="4.125" errors="0" timestamp="2021-12-10T06:55:32 IST" skipped="0">
  <testcase classname="CRUD_with_BDD.addResourceTest" name="addProject" time="4.125"/>
  <system-out/>
</testsuite> <!-- CRUD_with_BDD.addResourceTest -->
