<?xml version="1.0" encoding="UTF-8"?>
<!-- Generated by org.testng.reporters.JUnitReportReporter -->
<testsuite hostname="DESKTOP-4FJ4BMF" failures="0" tests="1" name="testCases.CreateProjectAndAllocateUserTest" time="4.158" errors="0" timestamp="2021-12-14T17:45:40 IST" skipped="0">
  <testcase classname="testCases.CreateProjectAndAllocateUserTest" name="createProjectAndAllocateUserTest" time="4.158"/>
  <system-out/>
</testsuite> <!-- testCases.CreateProjectAndAllocateUserTest -->
