<?xml version="1.0" encoding="UTF-8"?>
<!-- Generated by org.testng.reporters.JUnitReportReporter -->
<testsuite hostname="DESKTOP-4FJ4BMF" failures="0" tests="1" name="scenarioWithJDBC.CreateProject" time="5.656" errors="0" timestamp="2021-12-14T11:08:21 IST" skipped="0">
  <testcase classname="scenarioWithJDBC.CreateProject" name="createProj" time="5.656"/>
  <system-out/>
</testsuite> <!-- scenarioWithJDBC.CreateProject -->
