<?xml version="1.0" encoding="UTF-8"?>
<!-- Generated by org.testng.reporters.JUnitReportReporter -->
<testsuite hostname="DESKTOP-4FJ4BMF" failures="0" tests="1" name="CRUD.getAllResourcesTest" time="3.352" errors="0" timestamp="2021-12-10T16:25:08 IST" skipped="0">
  <testcase classname="CRUD.getAllResourcesTest" name="getAllResources" time="3.352"/>
  <system-out/>
</testsuite> <!-- CRUD.getAllResourcesTest -->
