<?xml version="1.0" encoding="UTF-8"?>
<!-- Generated by org.testng.reporters.JUnitReportReporter -->
<testsuite hostname="DESKTOP-4FJ4BMF" failures="0" tests="1" name="authentication.oAuth_2_0" time="5.742" errors="0" timestamp="2021-12-13T15:04:02 IST" skipped="0">
  <testcase classname="authentication.oAuth_2_0" name="oauth_2" time="5.742"/>
  <system-out/>
</testsuite> <!-- authentication.oAuth_2_0 -->
