<?xml version="1.0" encoding="UTF-8"?>
<!-- Generated by org.testng.reporters.JUnitReportReporter -->
<testsuite hostname="DESKTOP-4FJ4BMF" failures="0" tests="1" name="authentication.BasicAuth" time="3.445" errors="0" timestamp="2021-12-13T12:45:02 IST" skipped="0">
  <testcase classname="authentication.BasicAuth" name="basicAuth" time="3.445"/>
  <system-out/>
</testsuite> <!-- authentication.BasicAuth -->
