<?xml version="1.0" encoding="UTF-8"?>
<!-- Generated by org.testng.reporters.JUnitReportReporter -->
<testsuite hostname="DESKTOP-4FJ4BMF" failures="0" tests="1" name="Parameters.PathParameters" time="3.443" errors="0" timestamp="2021-12-10T17:52:56 IST" skipped="0">
  <testcase classname="Parameters.PathParameters" name="pathParams" time="3.443"/>
  <system-out/>
</testsuite> <!-- Parameters.PathParameters -->
