<?xml version="1.0" encoding="UTF-8"?>
<!-- Generated by org.testng.reporters.JUnitReportReporter -->
<testsuite hostname="DESKTOP-4FJ4BMF" failures="0" tests="1" name="requestChaining.GetAllProjectsAndDeleteOneProj" time="5.528" errors="0" timestamp="2021-12-13T12:05:26 IST" skipped="0">
  <testcase classname="requestChaining.GetAllProjectsAndDeleteOneProj" name="getAndDelete" time="5.528"/>
  <system-out/>
</testsuite> <!-- requestChaining.GetAllProjectsAndDeleteOneProj -->
