<?xml version="1.0" encoding="UTF-8"?>
<!-- Generated by org.testng.reporters.JUnitReportReporter -->
<testsuite hostname="DESKTOP-4FJ4BMF" failures="0" tests="2" name="authentication.Auth" time="5.176" errors="0" timestamp="2021-12-13T16:24:50 IST" skipped="0">
  <testcase classname="authentication.Auth" name="digestiveAuth" time="4.921"/>
  <system-out/>
  <testcase classname="authentication.Auth" name="prermptiveAuth" time="0.255"/>
  <system-out/>
</testsuite> <!-- authentication.Auth -->
