<?xml version="1.0" encoding="UTF-8"?>
<!-- Generated by org.testng.reporters.JUnitReportReporter -->
<testsuite hostname="DESKTOP-4FJ4BMF" failures="0" tests="1" name="CRUD.deleteResourceTest" time="3.625" errors="0" timestamp="2021-12-10T06:43:37 IST" skipped="0">
  <testcase classname="CRUD.deleteResourceTest" name="delresource" time="3.625"/>
  <system-out/>
</testsuite> <!-- CRUD.deleteResourceTest -->
