<?xml version="1.0" encoding="UTF-8"?>
<!-- Generated by org.testng.reporters.JUnitReportReporter -->
<testsuite hostname="DESKTOP-4FJ4BMF" failures="0" tests="1" name="CRUD.createResourceTest" time="5.214" errors="0" timestamp="2021-12-09T22:49:09 IST" skipped="0">
  <testcase classname="CRUD.createResourceTest" name="createresource" time="5.214"/>
  <system-out/>
</testsuite> <!-- CRUD.createResourceTest -->
