<?xml version="1.0" encoding="UTF-8"?>
<!-- Generated by org.testng.reporters.JUnitReportReporter -->
<testsuite hostname="DESKTOP-4FJ4BMF" failures="0" tests="1" name="serializationAndDeserialization.Deserialization" time="0.397" errors="0" timestamp="2021-12-13T16:22:52 IST" skipped="0">
  <testcase classname="serializationAndDeserialization.Deserialization" name="deerialization" time="0.397"/>
  <system-out/>
</testsuite> <!-- serializationAndDeserialization.Deserialization -->
