<?xml version="1.0" encoding="UTF-8"?>
<!-- Generated by org.testng.reporters.JUnitReportReporter -->
<testsuite hostname="DESKTOP-4FJ4BMF" failures="0" tests="1" name="validation.StaticResponseValidation" time="5.936" errors="0" timestamp="2021-12-10T15:28:40 IST" skipped="0">
  <testcase classname="validation.StaticResponseValidation" name="staticResponse" time="5.936"/>
  <system-out/>
</testsuite> <!-- validation.StaticResponseValidation -->
