<?xml version="1.0" encoding="UTF-8"?>
<!-- Generated by org.testng.reporters.JUnitReportReporter -->
<testsuite hostname="DESKTOP-4FJ4BMF" failures="0" tests="1" name="validation.DynamicResponseValidation" time="4.729" errors="0" timestamp="2021-12-10T16:12:59 IST" skipped="0">
  <testcase classname="validation.DynamicResponseValidation" name="dynamicResponse" time="4.729"/>
  <system-out/>
</testsuite> <!-- validation.DynamicResponseValidation -->
