<?xml version="1.0" encoding="UTF-8"?>
<!-- Generated by org.testng.reporters.JUnitReportReporter -->
<testsuite hostname="DESKTOP-4FJ4BMF" failures="0" tests="2" name="validation.Validation_DataProvider" time="6.010" errors="0" timestamp="2021-12-10T17:07:02 IST" skipped="0">
  <testcase classname="validation.Validation_DataProvider" name="createResponseWithDataProvider" time="0.117"/>
  <system-out/>
  <testcase classname="validation.Validation_DataProvider" name="createResponseWithDataProvider" time="5.893"/>
  <system-out/>
</testsuite> <!-- validation.Validation_DataProvider -->
