<?xml version="1.0" encoding="UTF-8"?>
<!-- Generated by org.testng.reporters.JUnitReportReporter -->
<testsuite hostname="DESKTOP-4FJ4BMF" failures="0" tests="1" name="serializationAndDeserialization.Serialization" time="0.434" errors="0" timestamp="2021-12-13T16:11:42 IST" skipped="0">
  <testcase classname="serializationAndDeserialization.Serialization" name="serialization" time="0.434"/>
  <system-out/>
</testsuite> <!-- serializationAndDeserialization.Serialization -->
