<?xml version="1.0" encoding="UTF-8"?>
<!-- Generated by org.testng.reporters.JUnitReportReporter -->
<testsuite hostname="DESKTOP-4FJ4BMF" failures="0" tests="1" name="requestChaining.CreateProjectAndDelete" time="5.671" errors="0" timestamp="2021-12-13T12:23:55 IST" skipped="0">
  <testcase classname="requestChaining.CreateProjectAndDelete" name="postAndDelete" time="5.671"/>
  <system-out/>
</testsuite> <!-- requestChaining.CreateProjectAndDelete -->
