<?xml version="1.0" encoding="UTF-8"?>
<!-- Generated by org.testng.reporters.JUnitReportReporter -->
<testsuite hostname="DESKTOP-4FJ4BMF" failures="0" tests="1" name="CRUD_with_BDD.updateResourceTest" time="4.675" errors="0" timestamp="2021-12-10T06:58:22 IST" skipped="0">
  <testcase classname="CRUD_with_BDD.updateResourceTest" name="updateProject" time="4.675"/>
  <system-out/>
</testsuite> <!-- CRUD_with_BDD.updateResourceTest -->
