<?xml version="1.0" encoding="UTF-8"?>
<!-- Generated by org.testng.reporters.JUnitReportReporter -->
<testsuite hostname="DESKTOP-4FJ4BMF" failures="0" tests="1" name="authentication.BearerToken" time="7.134" errors="0" timestamp="2021-12-13T14:54:50 IST" skipped="0">
  <testcase classname="authentication.BearerToken" name="token" time="7.134"/>
  <system-out/>
</testsuite> <!-- authentication.BearerToken -->
