<?xml version="1.0" encoding="UTF-8"?>
<!-- Generated by org.testng.reporters.JUnitReportReporter -->
<testsuite hostname="DESKTOP-4FJ4BMF" failures="0" tests="1" name="CRUD_with_BDD.getAllResources" time="3.553" errors="0" timestamp="2021-12-13T17:41:29 IST" skipped="0">
  <testcase classname="CRUD_with_BDD.getAllResources" name="allProjects" time="3.553"/>
  <system-out/>
</testsuite> <!-- CRUD_with_BDD.getAllResources -->
