<?xml version="1.0" encoding="UTF-8"?>
<!-- Generated by org.testng.reporters.JUnitReportReporter -->
<testsuite hostname="DESKTOP-4FJ4BMF" failures="0" tests="1" name="testCases.CreateProjectWithCompletedStatusTest" time="4.099" errors="0" timestamp="2021-12-14T15:47:14 IST" skipped="0">
  <testcase classname="testCases.CreateProjectWithCompletedStatusTest" name="createTest" time="4.099"/>
  <system-out/>
</testsuite> <!-- testCases.CreateProjectWithCompletedStatusTest -->
